2023   1  0  0   -21
2023   1  0  5   -21
2023   1  0 10   -21
2023   1  0 15   -21
2023   1  0 20   -21
2023   1  0 25   -21
2023   1  0 30   -20
2023   1  0 35   -19
2023   1  0 40   -19
2023   1  0 45   -19
2023   1  0 50   -19
2023   1  0 55   -20
2023   1  1  0   -20
2023   1  1  5   -20
2023   1  1 10   -20
2023   1  1 15   -20
2023   1  1 20   -20
2023   1  1 25   -19
2023   1  1 30   -18
2023   1  1 35   -19
2023   1  1 40   -21
2023   1  1 45   -21
2023   1  1 50   -22
2023   1  1 55   -22
2023   1  2  0   -22
2023   1  2  5   -21
2023   1  2 10   -21
2023   1  2 15   -21
2023   1  2 20   -21
2023   1  2 25   -20
2023   1  2 30   -19
2023   1  2 35   -19
2023   1  2 40   -19
2023   1  2 45   -21
2023   1  2 50   -23
2023   1  2 55   -24
2023   1  3  0   -23
2023   1  3  5   -22
2023   1  3 10   -22
2023   1  3 15   -22
2023   1  3 20   -23
2023   1  3 25   -23
2023   1  3 30   -24
2023   1  3 35   -26
2023   1  3 40   -26
2023   1  3 45   -26
2023   1  3 50   -26
2023   1  3 55   -25
2023   1  4  0   -25
2023   1  4  5   -25
2023   1  4 10   -23
2023   1  4 15   -24
2023   1  4 20   -25
2023   1  4 25   -26
2023   1  4 30   -27
2023   1  4 35   -27
2023   1  4 40   -26
2023   1  4 45   -26
2023   1  4 50   -25
2023   1  4 55   -24
2023   1  5  0   -24
2023   1  5  5   -24
2023   1  5 10   -24
2023   1  5 15   -23
2023   1  5 20   -24
2023   1  5 25   -24
2023   1  5 30   -23
2023   1  5 35   -22
2023   1  5 40   -21
2023   1  5 45   -21
2023   1  5 50   -20
2023   1  5 55   -20
2023   1  6  0   -20
2023   1  6  5   -20
2023   1  6 10   -19
2023   1  6 15   -19
2023   1  6 20   -18
2023   1  6 25   -18
2023   1  6 30   -17
2023   1  6 35   -18
2023   1  6 40   -19
2023   1  6 45   -18
2023   1  6 50   -18
2023   1  6 55   -18
2023   1  7  0   -17
2023   1  7  5   -17
2023   1  7 10   -17
2023   1  7 15   -17
2023   1  7 20   -16
2023   1  7 25   -16
2023   1  7 30   -16
2023   1  7 35   -16
2023   1  7 40   -15
2023   1  7 45   -15
2023   1  7 50   -14
2023   1  7 55   -13
2023   1  8  0   -14
2023   1  8  5   -14
2023   1  8 10   -14
2023   1  8 15   -16
2023   1  8 20   -16
2023   1  8 25   -16
2023   1  8 30   -17
2023   1  8 35   -18
2023   1  8 40   -19
2023   1  8 45   -19
2023   1  8 50   -19
2023   1  8 55   -17
2023   1  9  0   -17
2023   1  9  5   -17
2023   1  9 10   -17
2023   1  9 15   -18
2023   1  9 20   -18
2023   1  9 25   -18
2023   1  9 30   -18
2023   1  9 35   -19
2023   1  9 40   -19
2023   1  9 45   -19
2023   1  9 50   -20
2023   1  9 55   -21
2023   1 10  0   -22
2023   1 10  5   -24
2023   1 10 10   -24
2023   1 10 15   -24
2023   1 10 20   -24
2023   1 10 25   -24
2023   1 10 30   -22
2023   1 10 35   -22
2023   1 10 40   -22
2023   1 10 45   -22
2023   1 10 50   -20
2023   1 10 55   -20
2023   1 11  0   -20
2023   1 11  5   -19
2023   1 11 10   -21
2023   1 11 15   -20
2023   1 11 20   -20
2023   1 11 25   -20
2023   1 11 30   -20
2023   1 11 35   -20
2023   1 11 40   -20
2023   1 11 45   -19
2023   1 11 50   -18
2023   1 11 55   -18
2023   1 12  0   -18
2023   1 12  5   -18
2023   1 12 10   -17
2023   1 12 15   -17
2023   1 12 20   -17
2023   1 12 25   -17
2023   1 12 30   -17
2023   1 12 35   -17
2023   1 12 40   -17
2023   1 12 45   -16
2023   1 12 50   -16
2023   1 12 55   -15
2023   1 13  0   -14
2023   1 13  5   -14
2023   1 13 10   -14
2023   1 13 15   -15
2023   1 13 20   -14
2023   1 13 25   -14
2023   1 13 30   -14
2023   1 13 35   -13
2023   1 13 40   -14
2023   1 13 45   -15
2023   1 13 50   -16
2023   1 13 55   -17
2023   1 14  0   -18
2023   1 14  5   -19
2023   1 14 10   -20
2023   1 14 15   -19
2023   1 14 20   -19
2023   1 14 25   -19
2023   1 14 30   -18
2023   1 14 35   -18
2023   1 14 40   -18
2023   1 14 45   -19
2023   1 14 50   -19
2023   1 14 55   -18
2023   1 15  0   -17
2023   1 15  5   -17
2023   1 15 10   -17
2023   1 15 15   -17
2023   1 15 20   -17
2023   1 15 25   -17
2023   1 15 30   -18
2023   1 15 35   -19
2023   1 15 40   -20
2023   1 15 45   -20
2023   1 15 50   -20
2023   1 15 55   -20
2023   1 16  0   -20
2023   1 16  5   -20
2023   1 16 10   -21
2023   1 16 15   -20
2023   1 16 20   -18
2023   1 16 25   -18
2023   1 16 30   -18
2023   1 16 35   -18
2023   1 16 40   -17
2023   1 16 45   -17
2023   1 16 50   -17
2023   1 16 55   -16
2023   1 17  0   -15
2023   1 17  5   -14
2023   1 17 10   -14
2023   1 17 15   -13
2023   1 17 20   -12
2023   1 17 25   -12
2023   1 17 30   -10
2023   1 17 35   -10
2023   1 17 40   -11
2023   1 17 45   -11
2023   1 17 50   -12
2023   1 17 55   -12
2023   1 18  0   -12
2023   1 18  5   -14
2023   1 18 10   -14
2023   1 18 15   -14
2023   1 18 20   -14
2023   1 18 25   -14
2023   1 18 30   -14
2023   1 18 35   -14
2023   1 18 40   -15
2023   1 18 45   -15
2023   1 18 50   -16
2023   1 18 55   -16
2023   1 19  0   -17
2023   1 19  5   -17
2023   1 19 10   -17
2023   1 19 15   -17
2023   1 19 20   -18
2023   1 19 25   -20
2023   1 19 30   -21
2023   1 19 35   -22
2023   1 19 40   -23
2023   1 19 45   -24
2023   1 19 50   -25
2023   1 19 55   -25
2023   1 20  0   -26
2023   1 20  5   -27
2023   1 20 10   -26
2023   1 20 15   -26
2023   1 20 20   -26
2023   1 20 25   -25
2023   1 20 30   -25
2023   1 20 35   -23
2023   1 20 40   -22
2023   1 20 45   -23
2023   1 20 50   -22
2023   1 20 55   -22
2023   1 21  0   -22
2023   1 21  5   -22
2023   1 21 10   -22
2023   1 21 15   -21
2023   1 21 20   -21
2023   1 21 25   -21
2023   1 21 30   -21
2023   1 21 35   -21
2023   1 21 40   -22
2023   1 21 45   -19
2023   1 21 50   -19
2023   1 21 55   -16
2023   1 22  0   -17
2023   1 22  5   -16
2023   1 22 10   -15
2023   1 22 15   -14
2023   1 22 20   -14
2023   1 22 25   -13
2023   1 22 30   -14
2023   1 22 35   -14
2023   1 22 40   -13
2023   1 22 45   -13
2023   1 22 50   -14
2023   1 22 55   -16
2023   1 23  0   -17
2023   1 23  5   -18
2023   1 23 10   -19
2023   1 23 15   -21
2023   1 23 20   -22
2023   1 23 25   -22
2023   1 23 30   -22
2023   1 23 35   -21
2023   1 23 40   -20
2023   1 23 45   -19
2023   1 23 50   -17
2023   1 23 55   -16
2023   2  0  0   -15
2023   2  0  5   -14
2023   2  0 10   -14
2023   2  0 15   -13
2023   2  0 20   -14
2023   2  0 25   -13
2023   2  0 30   -15
2023   2  0 35   -15
2023   2  0 40   -16
2023   2  0 45   -17
2023   2  0 50   -18
2023   2  0 55   -19
2023   2  1  0   -19
2023   2  1  5   -19
2023   2  1 10   -19
2023   2  1 15   -19
2023   2  1 20   -20
2023   2  1 25   -19
2023   2  1 30   -19
2023   2  1 35   -20
2023   2  1 40   -20
2023   2  1 45   -20
2023   2  1 50   -20
2023   2  1 55   -20
2023   2  2  0   -20
2023   2  2  5   -20
2023   2  2 10   -20
2023   2  2 15   -19
2023   2  2 20   -19
2023   2  2 25   -18
2023   2  2 30   -19
2023   2  2 35   -19
2023   2  2 40   -18
2023   2  2 45   -18
2023   2  2 50   -18
2023   2  2 55   -18
2023   2  3  0   -18
2023   2  3  5   -18
2023   2  3 10   -18
2023   2  3 15   -17
2023   2  3 20   -18
2023   2  3 25   -17
2023   2  3 30   -17
2023   2  3 35   -17
2023   2  3 40   -16
2023   2  3 45   -14
2023   2  3 50   -13
2023   2  3 55   -12
2023   2  4  0   -13
2023   2  4  5   -13
2023   2  4 10   -11
2023   2  4 15   -11
2023   2  4 20   -10
2023   2  4 25   -11
2023   2  4 30   -12
2023   2  4 35   -12
2023   2  4 40   -14
2023   2  4 45   -14
2023   2  4 50   -14
2023   2  4 55   -15
2023   2  5  0   -15
2023   2  5  5   -16
2023   2  5 10   -17
2023   2  5 15   -17
2023   2  5 20   -17
2023   2  5 25   -17
2023   2  5 30   -18
2023   2  5 35   -20
2023   2  5 40   -19
2023   2  5 45   -19
2023   2  5 50   -19
2023   2  5 55   -19
2023   2  6  0   -20
2023   2  6  5   -18
2023   2  6 10   -17
2023   2  6 15   -17
2023   2  6 20   -17
2023   2  6 25   -17
2023   2  6 30   -17
2023   2  6 35   -18
2023   2  6 40   -17
2023   2  6 45   -17
2023   2  6 50   -15
2023   2  6 55   -14
2023   2  7  0   -14
2023   2  7  5   -14
2023   2  7 10   -14
2023   2  7 15   -14
2023   2  7 20   -13
2023   2  7 25   -12
2023   2  7 30   -12
2023   2  7 35   -12
2023   2  7 40   -11
2023   2  7 45   -11
2023   2  7 50   -10
2023   2  7 55   -10
2023   2  8  0   -10
2023   2  8  5   -10
2023   2  8 10   -10
2023   2  8 15    -9
2023   2  8 20   -10
2023   2  8 25   -10
2023   2  8 30    -9
2023   2  8 35    -9
2023   2  8 40    -8
2023   2  8 45    -8
2023   2  8 50    -9
2023   2  8 55    -9
2023   2  9  0   -10
2023   2  9  5    -9
2023   2  9 10    -8
2023   2  9 15    -8
2023   2  9 20    -8
2023   2  9 25    -7
2023   2  9 30    -7
2023   2  9 35    -8
2023   2  9 40    -8
2023   2  9 45    -8
2023   2  9 50    -8
2023   2  9 55    -8
2023   2 10  0    -8
2023   2 10  5    -9
2023   2 10 10   -10
2023   2 10 15   -10
2023   2 10 20   -11
2023   2 10 25   -11
2023   2 10 30   -12
2023   2 10 35   -12
2023   2 10 40   -13
2023   2 10 45   -13
2023   2 10 50   -14
2023   2 10 55   -15
2023   2 11  0   -15
2023   2 11  5   -15
2023   2 11 10   -16
2023   2 11 15   -17
2023   2 11 20   -17
2023   2 11 25   -17
2023   2 11 30   -16
2023   2 11 35   -16
2023   2 11 40   -16
2023   2 11 45   -16
2023   2 11 50   -15
2023   2 11 55   -15
2023   2 12  0   -15
2023   2 12  5   -14
2023   2 12 10   -14
2023   2 12 15   -14
2023   2 12 20   -14
2023   2 12 25   -14
2023   2 12 30   -13
2023   2 12 35   -13
2023   2 12 40   -12
2023   2 12 45   -12
2023   2 12 50   -11
2023   2 12 55   -11
2023   2 13  0   -11
2023   2 13  5   -10
2023   2 13 10   -10
2023   2 13 15   -11
2023   2 13 20   -11
2023   2 13 25   -11
2023   2 13 30   -12
2023   2 13 35   -12
2023   2 13 40   -12
2023   2 13 45   -14
2023   2 13 50   -15
2023   2 13 55   -15
2023   2 14  0   -16
2023   2 14  5   -16
2023   2 14 10   -16
2023   2 14 15   -17
2023   2 14 20   -17
2023   2 14 25   -17
2023   2 14 30   -17
2023   2 14 35   -17
2023   2 14 40   -16
2023   2 14 45   -16
2023   2 14 50   -16
2023   2 14 55   -16
2023   2 15  0   -16
2023   2 15  5   -15
2023   2 15 10   -15
2023   2 15 15   -15
2023   2 15 20   -14
2023   2 15 25   -14
2023   2 15 30   -13
2023   2 15 35   -13
2023   2 15 40   -13
2023   2 15 45   -13
2023   2 15 50   -13
2023   2 15 55   -13
2023   2 16  0   -13
2023   2 16  5   -12
2023   2 16 10   -12
2023   2 16 15   -13
2023   2 16 20   -14
2023   2 16 25   -14
2023   2 16 30   -14
2023   2 16 35   -14
2023   2 16 40   -13
2023   2 16 45   -12
2023   2 16 50   -12
2023   2 16 55   -11
2023   2 17  0   -10
2023   2 17  5   -10
2023   2 17 10   -10
2023   2 17 15   -10
2023   2 17 20    -9
2023   2 17 25    -8
2023   2 17 30    -7
2023   2 17 35    -7
2023   2 17 40    -6
2023   2 17 45    -5
2023   2 17 50    -5
2023   2 17 55    -5
2023   2 18  0    -4
2023   2 18  5    -4
2023   2 18 10    -4
2023   2 18 15    -4
2023   2 18 20    -4
2023   2 18 25    -3
2023   2 18 30    -3
2023   2 18 35    -3
2023   2 18 40    -2
2023   2 18 45    -2
2023   2 18 50    -2
2023   2 18 55    -1
2023   2 19  0    -1
2023   2 19  5    -1
2023   2 19 10    -1
2023   2 19 15    -1
2023   2 19 20    -2
2023   2 19 25    -2
2023   2 19 30    -3
2023   2 19 35    -2
2023   2 19 40    -2
2023   2 19 45    -3
2023   2 19 50    -4
2023   2 19 55    -7
2023   2 20  0    -8
2023   2 20  5    -9
2023   2 20 10    -8
2023   2 20 15    -9
2023   2 20 20    -9
2023   2 20 25    -9
2023   2 20 30   -10
2023   2 20 35   -11
2023   2 20 40   -11
2023   2 20 45   -12
2023   2 20 50   -12
2023   2 20 55   -12
2023   2 21  0   -13
2023   2 21  5   -13
2023   2 21 10   -13
2023   2 21 15   -12
2023   2 21 20   -13
2023   2 21 25   -13
2023   2 21 30   -12
2023   2 21 35   -12
2023   2 21 40   -12
2023   2 21 45   -13
2023   2 21 50   -12
2023   2 21 55   -12
2023   2 22  0   -13
2023   2 22  5   -12
2023   2 22 10   -12
2023   2 22 15   -12
2023   2 22 20   -13
2023   2 22 25   -14
2023   2 22 30   -13
2023   2 22 35   -12
2023   2 22 40   -13
2023   2 22 45   -13
2023   2 22 50   -13
2023   2 22 55   -13
2023   2 23  0   -14
2023   2 23  5   -14
2023   2 23 10   -15
2023   2 23 15   -14
2023   2 23 20   -15
2023   2 23 25   -14
2023   2 23 30   -12
2023   2 23 35   -10
2023   2 23 40    -9
2023   2 23 45    -9
2023   2 23 50    -7
2023   2 23 55    -6
2023   3  0  0    -6
2023   3  0  5    -6
2023   3  0 10    -5
2023   3  0 15    -5
2023   3  0 20    -5
2023   3  0 25    -5
2023   3  0 30    -5
2023   3  0 35    -6
2023   3  0 40    -6
2023   3  0 45    -6
2023   3  0 50    -5
2023   3  0 55    -6
2023   3  1  0    -6
2023   3  1  5    -6
2023   3  1 10    -7
2023   3  1 15    -7
2023   3  1 20    -8
2023   3  1 25    -8
2023   3  1 30    -8
2023   3  1 35    -8
2023   3  1 40    -8
2023   3  1 45    -7
2023   3  1 50    -7
2023   3  1 55    -8
2023   3  2  0    -8
2023   3  2  5    -8
2023   3  2 10    -9
2023   3  2 15    -9
2023   3  2 20    -9
2023   3  2 25    -9
2023   3  2 30    -9
2023   3  2 35    -9
2023   3  2 40    -9
2023   3  2 45    -9
2023   3  2 50    -9
2023   3  2 55   -10
2023   3  3  0   -10
2023   3  3  5    -9
2023   3  3 10    -9
2023   3  3 15    -9
2023   3  3 20    -8
2023   3  3 25    -8
2023   3  3 30    -7
2023   3  3 35    -7
2023   3  3 40    -7
2023   3  3 45    -7
2023   3  3 50    -7
2023   3  3 55    -7
2023   3  4  0    -6
2023   3  4  5    -6
2023   3  4 10    -5
2023   3  4 15    -5
2023   3  4 20    -6
2023   3  4 25    -7
2023   3  4 30    -7
2023   3  4 35    -7
2023   3  4 40    -8
2023   3  4 45    -8
2023   3  4 50    -7
2023   3  4 55    -7
2023   3  5  0    -8
2023   3  5  5    -8
2023   3  5 10    -8
2023   3  5 15    -8
2023   3  5 20    -9
2023   3  5 25    -9
2023   3  5 30    -8
2023   3  5 35    -8
2023   3  5 40    -8
2023   3  5 45    -8
2023   3  5 50    -9
2023   3  5 55    -8
2023   3  6  0    -7
2023   3  6  5    -6
2023   3  6 10    -7
2023   3  6 15    -7
2023   3  6 20    -7
2023   3  6 25    -6
2023   3  6 30    -5
2023   3  6 35    -6
2023   3  6 40    -6
2023   3  6 45    -6
2023   3  6 50    -6
2023   3  6 55    -6
2023   3  7  0    -6
2023   3  7  5    -6
2023   3  7 10    -5
2023   3  7 15    -5
2023   3  7 20    -5
2023   3  7 25    -5
2023   3  7 30    -5
2023   3  7 35    -5
2023   3  7 40    -5
2023   3  7 45    -4
2023   3  7 50    -4
2023   3  7 55    -3
2023   3  8  0    -3
2023   3  8  5    -3
2023   3  8 10    -5
2023   3  8 15    -5
2023   3  8 20    -5
2023   3  8 25    -6
2023   3  8 30    -6
2023   3  8 35    -7
2023   3  8 40    -7
2023   3  8 45    -8
2023   3  8 50    -8
2023   3  8 55    -8
2023   3  9  0    -8
2023   3  9  5    -8
2023   3  9 10    -9
2023   3  9 15    -9
2023   3  9 20    -9
2023   3  9 25    -9
2023   3  9 30    -8
2023   3  9 35    -8
2023   3  9 40    -7
2023   3  9 45    -6
2023   3  9 50    -6
2023   3  9 55    -6
2023   3 10  0    -5
2023   3 10  5    -5
2023   3 10 10    -5
2023   3 10 15    -4
2023   3 10 20    -3
2023   3 10 25    -3
2023   3 10 30    -3
2023   3 10 35    -3
2023   3 10 40    -3
2023   3 10 45    -3
2023   3 10 50    -3
2023   3 10 55    -4
2023   3 11  0    -4
2023   3 11  5    -4
2023   3 11 10    -5
2023   3 11 15    -5
2023   3 11 20    -5
2023   3 11 25    -5
2023   3 11 30    -5
2023   3 11 35    -6
2023   3 11 40    -6
2023   3 11 45    -6
2023   3 11 50    -6
2023   3 11 55    -6
2023   3 12  0    -7
2023   3 12  5    -7
2023   3 12 10    -7
2023   3 12 15    -8
2023   3 12 20    -8
2023   3 12 25    -9
2023   3 12 30    -9
2023   3 12 35    -9
2023   3 12 40    -9
2023   3 12 45    -9
2023   3 12 50    -9
2023   3 12 55    -9
2023   3 13  0    -9
2023   3 13  5    -9
2023   3 13 10    -9
2023   3 13 15    -9
2023   3 13 20   -10
2023   3 13 25   -10
2023   3 13 30    -9
2023   3 13 35   -10
2023   3 13 40   -10
2023   3 13 45    -9
2023   3 13 50    -9
2023   3 13 55    -9
2023   3 14  0    -9
2023   3 14  5   -10
2023   3 14 10   -10
2023   3 14 15    -9
2023   3 14 20    -9
2023   3 14 25    -9
2023   3 14 30   -10
2023   3 14 35    -9
2023   3 14 40    -8
2023   3 14 45    -8
2023   3 14 50    -7
2023   3 14 55    -7
2023   3 15  0    -7
2023   3 15  5    -7
2023   3 15 10    -6
2023   3 15 15    -8
2023   3 15 20    -8
2023   3 15 25    -8
2023   3 15 30    -8
2023   3 15 35    -7
2023   3 15 40    -6
2023   3 15 45    -6
2023   3 15 50    -7
2023   3 15 55    -8
2023   3 16  0    -8
2023   3 16  5    -8
2023   3 16 10    -8
2023   3 16 15    -8
2023   3 16 20    -9
2023   3 16 25    -8
2023   3 16 30    -8
2023   3 16 35    -8
2023   3 16 40    -8
2023   3 16 45    -8
2023   3 16 50    -7
2023   3 16 55    -8
2023   3 17  0    -8
2023   3 17  5    -6
2023   3 17 10    -6
2023   3 17 15    -7
2023   3 17 20    -7
2023   3 17 25    -7
2023   3 17 30    -8
2023   3 17 35    -7
2023   3 17 40    -7
2023   3 17 45    -7
2023   3 17 50    -7
2023   3 17 55    -7
2023   3 18  0    -6
2023   3 18  5    -6
2023   3 18 10    -6
2023   3 18 15    -5
2023   3 18 20    -5
2023   3 18 25    -5
2023   3 18 30    -7
2023   3 18 35    -9
2023   3 18 40   -10
2023   3 18 45   -11
2023   3 18 50    -9
2023   3 18 55    -9
2023   3 19  0    -9
2023   3 19  5    -9
2023   3 19 10    -8
2023   3 19 15    -8
2023   3 19 20    -8
2023   3 19 25    -6
2023   3 19 30    -5
2023   3 19 35    -6
2023   3 19 40    -8
2023   3 19 45    -9
2023   3 19 50    -8
2023   3 19 55    -9
2023   3 20  0    -8
2023   3 20  5    -7
2023   3 20 10    -8
2023   3 20 15    -8
2023   3 20 20    -9
2023   3 20 25    -9
2023   3 20 30    -8
2023   3 20 35    -7
2023   3 20 40    -8
2023   3 20 45    -8
2023   3 20 50    -6
2023   3 20 55    -6
2023   3 21  0    -5
2023   3 21  5    -5
2023   3 21 10    -3
2023   3 21 15    -3
2023   3 21 20    -2
2023   3 21 25    -1
2023   3 21 30     0
2023   3 21 35     1
2023   3 21 40     5
2023   3 21 45     5
2023   3 21 50     5
2023   3 21 55     5
2023   3 22  0     5
2023   3 22  5     6
2023   3 22 10     6
2023   3 22 15     7
2023   3 22 20     7
2023   3 22 25     6
2023   3 22 30     5
2023   3 22 35     5
2023   3 22 40     4
2023   3 22 45     3
2023   3 22 50     0
2023   3 22 55    -2
2023   3 23  0    -3
2023   3 23  5    -3
2023   3 23 10    -2
2023   3 23 15    -2
2023   3 23 20    -5
2023   3 23 25    -6
2023   3 23 30    -7
2023   3 23 35    -8
2023   3 23 40    -7
2023   3 23 45    -6
2023   3 23 50    -7
2023   3 23 55    -7
2023   4  0  0    -7
2023   4  0  5    -7
2023   4  0 10    -7
2023   4  0 15    -7
2023   4  0 20    -9
2023   4  0 25   -14
2023   4  0 30   -17
2023   4  0 35   -16
2023   4  0 40    -9
2023   4  0 45    -9
2023   4  0 50   -10
2023   4  0 55   -11
2023   4  1  0   -13
2023   4  1  5   -13
2023   4  1 10   -14
2023   4  1 15   -11
2023   4  1 20    -8
2023   4  1 25    -8
2023   4  1 30    -8
2023   4  1 35    -7
2023   4  1 40    -8
2023   4  1 45    -8
2023   4  1 50    -9
2023   4  1 55    -9
2023   4  2  0    -8
2023   4  2  5    -8
2023   4  2 10    -9
2023   4  2 15   -12
2023   4  2 20   -14
2023   4  2 25   -15
2023   4  2 30   -21
2023   4  2 35   -20
2023   4  2 40   -19
2023   4  2 45   -19
2023   4  2 50   -33
2023   4  2 55   -34
2023   4  3  0   -28
2023   4  3  5   -26
2023   4  3 10   -24
2023   4  3 15   -26
2023   4  3 20   -26
2023   4  3 25   -29
2023   4  3 30   -29
2023   4  3 35   -30
2023   4  3 40   -32
2023   4  3 45   -33
2023   4  3 50   -32
2023   4  3 55   -33
2023   4  4  0   -36
2023   4  4  5   -36
2023   4  4 10   -37
2023   4  4 15   -40
2023   4  4 20   -43
2023   4  4 25   -44
2023   4  4 30   -44
2023   4  4 35   -45
2023   4  4 40   -46
2023   4  4 45   -45
2023   4  4 50   -44
2023   4  4 55   -45
2023   4  5  0   -44
2023   4  5  5   -42
2023   4  5 10   -41
2023   4  5 15   -40
2023   4  5 20   -40
2023   4  5 25   -41
2023   4  5 30   -42
2023   4  5 35   -42
2023   4  5 40   -44
2023   4  5 45   -45
2023   4  5 50   -45
2023   4  5 55   -47
2023   4  6  0   -50
2023   4  6  5   -51
2023   4  6 10   -51
2023   4  6 15   -51
2023   4  6 20   -51
2023   4  6 25   -52
2023   4  6 30   -53
2023   4  6 35   -54
2023   4  6 40   -54
2023   4  6 45   -53
2023   4  6 50   -56
2023   4  6 55   -58
2023   4  7  0   -60
2023   4  7  5   -63
2023   4  7 10   -63
2023   4  7 15   -63
2023   4  7 20   -65
2023   4  7 25   -65
2023   4  7 30   -66
2023   4  7 35   -65
2023   4  7 40   -63
2023   4  7 45   -63
2023   4  7 50   -63
2023   4  7 55   -64
2023   4  8  0   -64
2023   4  8  5   -64
2023   4  8 10   -63
2023   4  8 15   -63
2023   4  8 20   -65
2023   4  8 25   -68
2023   4  8 30   -70
2023   4  8 35   -69
2023   4  8 40   -66
2023   4  8 45   -66
2023   4  8 50   -68
2023   4  8 55   -72
2023   4  9  0   -73
2023   4  9  5   -73
2023   4  9 10   -73
2023   4  9 15   -71
2023   4  9 20   -70
2023   4  9 25   -70
2023   4  9 30   -69
2023   4  9 35   -68
2023   4  9 40   -67
2023   4  9 45   -65
2023   4  9 50   -64
2023   4  9 55   -61
2023   4 10  0   -60
2023   4 10  5   -61
2023   4 10 10   -60
2023   4 10 15   -59
2023   4 10 20   -59
2023   4 10 25   -57
2023   4 10 30   -56
2023   4 10 35   -54
2023   4 10 40   -52
2023   4 10 45   -49
2023   4 10 50   -47
2023   4 10 55   -48
2023   4 11  0   -48
2023   4 11  5   -48
2023   4 11 10   -47
2023   4 11 15   -46
2023   4 11 20   -45
2023   4 11 25   -45
2023   4 11 30   -45
2023   4 11 35   -45
2023   4 11 40   -45
2023   4 11 45   -44
2023   4 11 50   -43
2023   4 11 55   -44
2023   4 12  0   -44
2023   4 12  5   -43
2023   4 12 10   -43
2023   4 12 15   -43
2023   4 12 20   -42
2023   4 12 25   -43
2023   4 12 30   -43
2023   4 12 35   -43
2023   4 12 40   -42
2023   4 12 45   -42
2023   4 12 50   -41
2023   4 12 55   -39
2023   4 13  0   -39
2023   4 13  5   -39
2023   4 13 10   -39
2023   4 13 15   -40
2023   4 13 20   -40
2023   4 13 25   -38
2023   4 13 30   -37
2023   4 13 35   -36
2023   4 13 40   -36
2023   4 13 45   -34
2023   4 13 50   -31
2023   4 13 55   -32
2023   4 14  0   -34
2023   4 14  5   -35
2023   4 14 10   -34
2023   4 14 15   -33
2023   4 14 20   -30
2023   4 14 25   -28
2023   4 14 30   -23
2023   4 14 35   -29
2023   4 14 40   -32
2023   4 14 45   -28
2023   4 14 50   -25
2023   4 14 55   -23
2023   4 15  0   -18
2023   4 15  5   -16
2023   4 15 10   -18
2023   4 15 15   -21
2023   4 15 20   -21
2023   4 15 25   -21
2023   4 15 30   -20
2023   4 15 35   -19
2023   4 15 40   -20
2023   4 15 45   -20
2023   4 15 50   -19
2023   4 15 55   -18
2023   4 16  0   -17
2023   4 16  5   -18
2023   4 16 10   -17
2023   4 16 15   -16
2023   4 16 20   -15
2023   4 16 25   -13
2023   4 16 30   -13
2023   4 16 35   -11
2023   4 16 40    -9
2023   4 16 45   -12
2023   4 16 50   -14
2023   4 16 55   -13
2023   4 17  0   -12
2023   4 17  5   -11
2023   4 17 10   -11
2023   4 17 15    -9
2023   4 17 20    -8
2023   4 17 25    -7
2023   4 17 30    -7
2023   4 17 35   -10
2023   4 17 40   -10
2023   4 17 45    -9
2023   4 17 50    -9
2023   4 17 55   -10
2023   4 18  0   -10
2023   4 18  5    -9
2023   4 18 10    -9
2023   4 18 15    -9
2023   4 18 20    -8
2023   4 18 25    -9
2023   4 18 30    -7
2023   4 18 35    -7
2023   4 18 40    -5
2023   4 18 45    -4
2023   4 18 50    -4
2023   4 18 55    -4
2023   4 19  0    -4
2023   4 19  5    -6
2023   4 19 10    -4
2023   4 19 15     1
2023   4 19 20     0
2023   4 19 25    -1
2023   4 19 30     0
2023   4 19 35    -6
2023   4 19 40    -7
2023   4 19 45    -6
2023   4 19 50    -6
2023   4 19 55    -4
2023   4 20  0    -1
2023   4 20  5    -2
2023   4 20 10    -5
2023   4 20 15   -10
2023   4 20 20   -10
2023   4 20 25    -8
2023   4 20 30    -5
2023   4 20 35    -4
2023   4 20 40    -2
2023   4 20 45    -2
2023   4 20 50    -3
2023   4 20 55    -3
2023   4 21  0    -3
2023   4 21  5    -2
2023   4 21 10    -1
2023   4 21 15    -2
2023   4 21 20    -3
2023   4 21 25    -4
2023   4 21 30    -7
2023   4 21 35    -8
2023   4 21 40    -8
2023   4 21 45    -7
2023   4 21 50    -5
2023   4 21 55    -5
2023   4 22  0    -6
2023   4 22  5    -6
2023   4 22 10    -6
2023   4 22 15    -6
2023   4 22 20    -6
2023   4 22 25    -5
2023   4 22 30    -5
2023   4 22 35    -5
2023   4 22 40    -5
2023   4 22 45    -5
2023   4 22 50    -5
2023   4 22 55    -5
2023   4 23  0    -5
2023   4 23  5    -5
2023   4 23 10    -4
2023   4 23 15    -4
2023   4 23 20    -3
2023   4 23 25    -3
2023   4 23 30    -2
2023   4 23 35     0
2023   4 23 40     1
2023   4 23 45     2
2023   4 23 50     3
2023   4 23 55     4
2023   5  0  0     3
2023   5  0  5     3
2023   5  0 10     4
2023   5  0 15     4
2023   5  0 20     4
2023   5  0 25     4
2023   5  0 30     3
2023   5  0 35     4
2023   5  0 40     5
2023   5  0 45     4
2023   5  0 50     5
2023   5  0 55     5
2023   5  1  0     4
2023   5  1  5     4
2023   5  1 10     4
2023   5  1 15     3
2023   5  1 20     3
2023   5  1 25     3
2023   5  1 30     3
2023   5  1 35     2
2023   5  1 40     0
2023   5  1 45     0
2023   5  1 50     0
2023   5  1 55     0
2023   5  2  0     0
2023   5  2  5     0
2023   5  2 10     0
2023   5  2 15     0
2023   5  2 20     1
2023   5  2 25     2
2023   5  2 30     2
2023   5  2 35     2
2023   5  2 40     2
2023   5  2 45     2
2023   5  2 50     2
2023   5  2 55     2
2023   5  3  0     2
2023   5  3  5     2
2023   5  3 10     2
2023   5  3 15     5
2023   5  3 20     6
2023   5  3 25     5
2023   5  3 30     6
2023   5  3 35     6
2023   5  3 40     6
2023   5  3 45     8
2023   5  3 50     9
2023   5  3 55     9
2023   5  4  0     9
2023   5  4  5     9
2023   5  4 10    10
2023   5  4 15    11
2023   5  4 20    11
2023   5  4 25    11
2023   5  4 30     7
2023   5  4 35     5
2023   5  4 40     5
2023   5  4 45     5
2023   5  4 50     6
2023   5  4 55     6
2023   5  5  0     7
2023   5  5  5     8
2023   5  5 10     9
2023   5  5 15     8
2023   5  5 20     8
2023   5  5 25     8
2023   5  5 30     8
2023   5  5 35     7
2023   5  5 40     7
2023   5  5 45     7
2023   5  5 50     6
2023   5  5 55     5
2023   5  6  0     5
2023   5  6  5     7
2023   5  6 10     7
2023   5  6 15     4
2023   5  6 20     6
2023   5  6 25     7
2023   5  6 30     8
2023   5  6 35     9
2023   5  6 40     9
2023   5  6 45    10
2023   5  6 50    10
2023   5  6 55     9
2023   5  7  0     8
2023   5  7  5     8
2023   5  7 10     9
2023   5  7 15    10
2023   5  7 20    10
2023   5  7 25    10
2023   5  7 30    11
2023   5  7 35    11
2023   5  7 40    11
2023   5  7 45    12
2023   5  7 50    12
2023   5  7 55    11
2023   5  8  0    11
2023   5  8  5    10
2023   5  8 10    10
2023   5  8 15    11
2023   5  8 20    12
2023   5  8 25    12
2023   5  8 30    11
2023   5  8 35    11
2023   5  8 40     9
2023   5  8 45     9
2023   5  8 50     9
2023   5  8 55     8
2023   5  9  0     9
2023   5  9  5     9
2023   5  9 10     6
2023   5  9 15     7
2023   5  9 20     7
2023   5  9 25     8
2023   5  9 30     8
2023   5  9 35     8
2023   5  9 40     8
2023   5  9 45     7
2023   5  9 50     8
2023   5  9 55     8
2023   5 10  0     8
2023   5 10  5     8
2023   5 10 10     8
2023   5 10 15     6
2023   5 10 20     6
2023   5 10 25     6
2023   5 10 30     6
2023   5 10 35     6
2023   5 10 40     5
2023   5 10 45     5
2023   5 10 50     4
2023   5 10 55     4
2023   5 11  0     4
2023   5 11  5     5
2023   5 11 10     5
2023   5 11 15     5
2023   5 11 20     5
2023   5 11 25     7
2023   5 11 30     7
2023   5 11 35     7
2023   5 11 40     8
2023   5 11 45     6
2023   5 11 50     5
2023   5 11 55     0
2023   5 12  0    -2
2023   5 12  5    -2
2023   5 12 10    -2
2023   5 12 15    -1
2023   5 12 20    -5
2023   5 12 25    -6
2023   5 12 30    -6
2023   5 12 35    -4
2023   5 12 40    -4
2023   5 12 45    -4
2023   5 12 50    -5
2023   5 12 55    -4
2023   5 13  0    -4
2023   5 13  5    -6
2023   5 13 10    -5
2023   5 13 15    -4
2023   5 13 20    -4
2023   5 13 25    -3
2023   5 13 30    -3
2023   5 13 35    -3
2023   5 13 40    -7
2023   5 13 45    -9
2023   5 13 50   -10
2023   5 13 55   -11
2023   5 14  0   -12
2023   5 14  5   -13
2023   5 14 10   -13
2023   5 14 15   -14
2023   5 14 20   -14
2023   5 14 25   -16
2023   5 14 30   -17
2023   5 14 35   -18
2023   5 14 40   -20
2023   5 14 45   -20
2023   5 14 50   -18
2023   5 14 55   -17
2023   5 15  0   -17
2023   5 15  5   -16
2023   5 15 10   -15
2023   5 15 15   -15
2023   5 15 20   -14
2023   5 15 25   -15
2023   5 15 30   -14
2023   5 15 35   -13
2023   5 15 40   -13
2023   5 15 45   -13
2023   5 15 50   -14
2023   5 15 55   -14
2023   5 16  0   -14
2023   5 16  5   -15
2023   5 16 10   -16
2023   5 16 15   -17
2023   5 16 20   -17
2023   5 16 25   -17
2023   5 16 30   -17
2023   5 16 35   -17
2023   5 16 40   -18
2023   5 16 45   -17
2023   5 16 50   -17
2023   5 16 55   -17
2023   5 17  0   -17
2023   5 17  5   -18
2023   5 17 10   -18
2023   5 17 15   -17
2023   5 17 20   -17
2023   5 17 25   -17
2023   5 17 30   -17
2023   5 17 35   -17
2023   5 17 40   -17
2023   5 17 45   -16
2023   5 17 50   -16
2023   5 17 55   -17
2023   5 18  0   -18
2023   5 18  5   -18
2023   5 18 10   -18
2023   5 18 15   -18
2023   5 18 20   -18
2023   5 18 25   -19
2023   5 18 30   -19
2023   5 18 35   -20
2023   5 18 40   -20
2023   5 18 45   -19
2023   5 18 50   -19
2023   5 18 55   -19
2023   5 19  0   -19
2023   5 19  5   -19
2023   5 19 10   -20
2023   5 19 15   -21
2023   5 19 20   -21
2023   5 19 25   -21
2023   5 19 30   -22
2023   5 19 35   -22
2023   5 19 40   -22
2023   5 19 45   -23
2023   5 19 50   -23
2023   5 19 55   -23
2023   5 20  0   -24
2023   5 20  5   -25
2023   5 20 10   -26
2023   5 20 15   -26
2023   5 20 20   -25
2023   5 20 25   -26
2023   5 20 30   -27
2023   5 20 35   -27
2023   5 20 40   -25
2023   5 20 45   -25
2023   5 20 50   -25
2023   5 20 55   -25
2023   5 21  0   -26
2023   5 21  5   -26
2023   5 21 10   -25
2023   5 21 15   -25
2023   5 21 20   -27
2023   5 21 25   -28
2023   5 21 30   -28
2023   5 21 35   -30
2023   5 21 40   -31
2023   5 21 45   -31
2023   5 21 50   -31
2023   5 21 55   -31
2023   5 22  0   -30
2023   5 22  5   -31
2023   5 22 10   -31
2023   5 22 15   -31
2023   5 22 20   -31
2023   5 22 25   -29
2023   5 22 30   -28
2023   5 22 35   -28
2023   5 22 40   -27
2023   5 22 45   -27
2023   5 22 50   -27
2023   5 22 55   -27
2023   5 23  0   -27
2023   5 23  5   -27
2023   5 23 10   -26
2023   5 23 15   -26
2023   5 23 20   -25
2023   5 23 25   -25
2023   5 23 30   -24
2023   5 23 35   -24
2023   5 23 40   -23
2023   5 23 45   -22
2023   5 23 50   -21
2023   5 23 55   -20
2023   6  0  0   -19
2023   6  0  5   -19
2023   6  0 10   -19
2023   6  0 15   -18
2023   6  0 20   -18
2023   6  0 25   -18
2023   6  0 30   -18
2023   6  0 35   -18
2023   6  0 40   -18
2023   6  0 45   -18
2023   6  0 50   -18
2023   6  0 55   -18
2023   6  1  0   -17
2023   6  1  5   -18
2023   6  1 10   -19
2023   6  1 15   -19
2023   6  1 20   -19
2023   6  1 25   -19
2023   6  1 30   -19
2023   6  1 35   -19
2023   6  1 40   -19
2023   6  1 45   -19
2023   6  1 50   -20
2023   6  1 55   -20
2023   6  2  0   -20
2023   6  2  5   -19
2023   6  2 10   -19
2023   6  2 15   -19
2023   6  2 20   -19
2023   6  2 25   -19
2023   6  2 30   -19
2023   6  2 35   -18
2023   6  2 40   -18
2023   6  2 45   -18
2023   6  2 50   -18
2023   6  2 55   -17
2023   6  3  0   -17
2023   6  3  5   -16
2023   6  3 10   -16
2023   6  3 15   -16
2023   6  3 20   -16
2023   6  3 25   -15
2023   6  3 30   -15
2023   6  3 35   -15
2023   6  3 40   -17
2023   6  3 45   -18
2023   6  3 50   -19
2023   6  3 55   -19
2023   6  4  0   -19
2023   6  4  5   -18
2023   6  4 10   -18
2023   6  4 15   -19
2023   6  4 20   -19
2023   6  4 25   -20
2023   6  4 30   -20
2023   6  4 35   -20
2023   6  4 40   -20
2023   6  4 45   -20
2023   6  4 50   -21
2023   6  4 55   -20
2023   6  5  0   -21
2023   6  5  5   -21
2023   6  5 10   -21
2023   6  5 15   -21
2023   6  5 20   -21
2023   6  5 25   -20
2023   6  5 30   -20
2023   6  5 35   -20
2023   6  5 40   -20
2023   6  5 45   -20
2023   6  5 50   -20
2023   6  5 55   -20
2023   6  6  0   -18
2023   6  6  5   -16
2023   6  6 10   -16
2023   6  6 15   -16
2023   6  6 20   -16
2023   6  6 25   -16
2023   6  6 30   -16
2023   6  6 35   -16
2023   6  6 40   -15
2023   6  6 45   -15
2023   6  6 50   -14
2023   6  6 55   -14
2023   6  7  0   -14
2023   6  7  5   -14
2023   6  7 10   -15
2023   6  7 15   -14
2023   6  7 20   -13
2023   6  7 25   -13
2023   6  7 30   -13
2023   6  7 35   -14
2023   6  7 40   -14
2023   6  7 45   -13
2023   6  7 50   -14
2023   6  7 55   -14
2023   6  8  0   -15
2023   6  8  5   -14
2023   6  8 10   -15
2023   6  8 15   -15
2023   6  8 20   -17
2023   6  8 25   -17
2023   6  8 30   -17
2023   6  8 35   -17
2023   6  8 40   -16
2023   6  8 45   -16
2023   6  8 50   -15
2023   6  8 55   -15
2023   6  9  0   -15
2023   6  9  5   -15
2023   6  9 10   -14
2023   6  9 15   -14
2023   6  9 20   -15
2023   6  9 25   -14
2023   6  9 30   -14
2023   6  9 35   -14
2023   6  9 40   -14
2023   6  9 45   -13
2023   6  9 50   -13
2023   6  9 55   -13
2023   6 10  0   -12
2023   6 10  5   -12
2023   6 10 10   -12
2023   6 10 15   -13
2023   6 10 20   -13
2023   6 10 25   -13
2023   6 10 30   -13
2023   6 10 35   -13
2023   6 10 40   -13
2023   6 10 45   -13
2023   6 10 50   -12
2023   6 10 55   -13
2023   6 11  0   -12
2023   6 11  5   -12
2023   6 11 10   -11
2023   6 11 15   -11
2023   6 11 20   -11
2023   6 11 25   -11
2023   6 11 30   -11
2023   6 11 35   -11
2023   6 11 40   -12
2023   6 11 45   -11
2023   6 11 50   -11
2023   6 11 55   -10
2023   6 12  0   -10
2023   6 12  5   -13
2023   6 12 10   -12
2023   6 12 15   -12
2023   6 12 20   -11
2023   6 12 25   -10
2023   6 12 30   -10
2023   6 12 35   -11
2023   6 12 40   -10
2023   6 12 45   -10
2023   6 12 50   -10
2023   6 12 55   -10
2023   6 13  0   -10
2023   6 13  5   -10
2023   6 13 10   -10
2023   6 13 15    -9
2023   6 13 20    -9
2023   6 13 25   -10
2023   6 13 30    -9
2023   6 13 35   -10
2023   6 13 40   -10
2023   6 13 45   -11
2023   6 13 50   -11
2023   6 13 55   -11
2023   6 14  0   -11
2023   6 14  5   -11
2023   6 14 10   -10
2023   6 14 15   -10
2023   6 14 20   -10
2023   6 14 25   -10
2023   6 14 30   -10
2023   6 14 35   -10
2023   6 14 40   -10
2023   6 14 45   -10
2023   6 14 50   -10
2023   6 14 55   -11
2023   6 15  0   -11
2023   6 15  5   -12
2023   6 15 10   -12
2023   6 15 15   -12
2023   6 15 20   -12
2023   6 15 25   -13
2023   6 15 30   -13
2023   6 15 35   -12
2023   6 15 40   -13
2023   6 15 45   -13
2023   6 15 50   -14
2023   6 15 55   -13
2023   6 16  0   -13
2023   6 16  5   -13
2023   6 16 10   -13
2023   6 16 15   -14
2023   6 16 20   -15
2023   6 16 25   -15
2023   6 16 30   -15
2023   6 16 35   -14
2023   6 16 40   -14
2023   6 16 45   -14
2023   6 16 50   -14
2023   6 16 55   -15
2023   6 17  0   -15
2023   6 17  5   -14
2023   6 17 10   -14
2023   6 17 15   -14
2023   6 17 20   -14
2023   6 17 25   -13
2023   6 17 30   -13
2023   6 17 35   -13
2023   6 17 40   -13
2023   6 17 45   -12
2023   6 17 50   -11
2023   6 17 55   -11
2023   6 18  0   -11
2023   6 18  5   -11
2023   6 18 10   -11
2023   6 18 15   -12
2023   6 18 20   -12
2023   6 18 25   -12
2023   6 18 30   -12
2023   6 18 35   -12
2023   6 18 40   -12
2023   6 18 45   -11
2023   6 18 50   -11
2023   6 18 55   -11
2023   6 19  0   -12
2023   6 19  5   -12
2023   6 19 10   -13
2023   6 19 15   -12
2023   6 19 20   -12
2023   6 19 25   -12
2023   6 19 30   -12
2023   6 19 35   -13
2023   6 19 40   -12
2023   6 19 45   -12
2023   6 19 50   -11
2023   6 19 55    -9
2023   6 20  0    -9
2023   6 20  5    -9
2023   6 20 10    -9
2023   6 20 15    -8
2023   6 20 20    -7
2023   6 20 25    -6
2023   6 20 30    -7
2023   6 20 35    -6
2023   6 20 40    -6
2023   6 20 45    -7
2023   6 20 50    -8
2023   6 20 55    -9
2023   6 21  0    -8
2023   6 21  5    -9
2023   6 21 10    -9
2023   6 21 15    -6
2023   6 21 20    -6
2023   6 21 25    -6
2023   6 21 30    -7
2023   6 21 35    -7
2023   6 21 40    -6
2023   6 21 45    -5
2023   6 21 50    -5
2023   6 21 55    -4
2023   6 22  0    -4
2023   6 22  5    -3
2023   6 22 10    -3
2023   6 22 15    -1
2023   6 22 20     0
2023   6 22 25    -1
2023   6 22 30    -2
2023   6 22 35    -1
2023   6 22 40    -1
2023   6 22 45    -2
2023   6 22 50    -2
2023   6 22 55    -1
2023   6 23  0    -1
2023   6 23  5     0
2023   6 23 10     1
2023   6 23 15     1
2023   6 23 20     0
2023   6 23 25     0
2023   6 23 30     1
2023   6 23 35     0
2023   6 23 40     1
2023   6 23 45     2
2023   6 23 50     4
2023   6 23 55     5
2023   7  0  0     4
2023   7  0  5     3
2023   7  0 10     3
2023   7  0 15     3
2023   7  0 20     4
2023   7  0 25     3
2023   7  0 30     3
2023   7  0 35     3
2023   7  0 40     3
2023   7  0 45     2
2023   7  0 50     2
2023   7  0 55     2
2023   7  1  0     1
2023   7  1  5     0
2023   7  1 10     1
2023   7  1 15     1
2023   7  1 20     0
2023   7  1 25     0
2023   7  1 30    -1
2023   7  1 35    -2
2023   7  1 40    -2
2023   7  1 45    -3
2023   7  1 50    -3
2023   7  1 55    -3
2023   7  2  0    -4
2023   7  2  5    -4
2023   7  2 10    -3
2023   7  2 15    -2
2023   7  2 20    -2
2023   7  2 25    -2
2023   7  2 30    -3
2023   7  2 35    -3
2023   7  2 40    -3
2023   7  2 45    -3
2023   7  2 50    -3
2023   7  2 55    -2
2023   7  3  0    -1
2023   7  3  5    -1
2023   7  3 10    -1
2023   7  3 15    -3
2023   7  3 20    -3
2023   7  3 25    -2
2023   7  3 30    -2
2023   7  3 35    -2
2023   7  3 40    -3
2023   7  3 45    -3
2023   7  3 50    -3
2023   7  3 55    -3
2023   7  4  0    -3
2023   7  4  5    -3
2023   7  4 10    -2
2023   7  4 15    -2
2023   7  4 20    -2
2023   7  4 25    -3
2023   7  4 30    -3
2023   7  4 35    -3
2023   7  4 40    -3
2023   7  4 45    -3
2023   7  4 50    -4
2023   7  4 55    -5
2023   7  5  0    -6
2023   7  5  5    -7
2023   7  5 10    -7
2023   7  5 15    -6
2023   7  5 20    -6
2023   7  5 25    -6
2023   7  5 30    -5
2023   7  5 35    -5
2023   7  5 40    -5
2023   7  5 45    -6
2023   7  5 50    -7
2023   7  5 55    -5
2023   7  6  0    -4
2023   7  6  5    -4
2023   7  6 10    -4
2023   7  6 15    -4
2023   7  6 20    -4
2023   7  6 25    -5
2023   7  6 30    -5
2023   7  6 35    -6
2023   7  6 40    -6
2023   7  6 45    -6
2023   7  6 50    -6
2023   7  6 55    -6
2023   7  7  0    -6
2023   7  7  5    -5
2023   7  7 10    -5
2023   7  7 15    -6
2023   7  7 20    -5
2023   7  7 25    -6
2023   7  7 30    -5
2023   7  7 35    -3
2023   7  7 40    -2
2023   7  7 45    -1
2023   7  7 50    -2
2023   7  7 55    -2
2023   7  8  0    -3
2023   7  8  5    -3
2023   7  8 10    -2
2023   7  8 15    -2
2023   7  8 20    -2
2023   7  8 25    -2
2023   7  8 30    -2
2023   7  8 35    -1
2023   7  8 40    -1
2023   7  8 45    -1
2023   7  8 50     0
2023   7  8 55     1
2023   7  9  0     2
2023   7  9  5     3
2023   7  9 10     3
2023   7  9 15     3
2023   7  9 20     2
2023   7  9 25     2
2023   7  9 30     3
2023   7  9 35     3
2023   7  9 40     3
2023   7  9 45     3
2023   7  9 50     3
2023   7  9 55     4
2023   7 10  0     4
2023   7 10  5     4
2023   7 10 10     4
2023   7 10 15     4
2023   7 10 20     4
2023   7 10 25     3
2023   7 10 30     3
2023   7 10 35     2
2023   7 10 40     2
2023   7 10 45     2
2023   7 10 50     2
2023   7 10 55     2
2023   7 11  0     2
2023   7 11  5     1
2023   7 11 10     1
2023   7 11 15     1
2023   7 11 20     0
2023   7 11 25     0
2023   7 11 30     1
2023   7 11 35     1
2023   7 11 40     2
2023   7 11 45     2
2023   7 11 50     2
2023   7 11 55     1
2023   7 12  0     1
2023   7 12  5     0
2023   7 12 10     1
2023   7 12 15     1
2023   7 12 20     2
2023   7 12 25     2
2023   7 12 30     1
2023   7 12 35    -1
2023   7 12 40    -2
2023   7 12 45    -1
2023   7 12 50     0
2023   7 12 55     1
2023   7 13  0     1
2023   7 13  5     1
2023   7 13 10     1
2023   7 13 15     1
2023   7 13 20     1
2023   7 13 25     1
2023   7 13 30     1
2023   7 13 35     2
2023   7 13 40     2
2023   7 13 45     2
2023   7 13 50     2
2023   7 13 55     2
2023   7 14  0     2
2023   7 14  5     2
2023   7 14 10     2
2023   7 14 15     2
2023   7 14 20     2
2023   7 14 25     2
2023   7 14 30     3
2023   7 14 35     3
2023   7 14 40     3
2023   7 14 45     2
2023   7 14 50     2
2023   7 14 55     2
2023   7 15  0     2
2023   7 15  5     3
2023   7 15 10     4
2023   7 15 15     3
2023   7 15 20     3
2023   7 15 25     2
2023   7 15 30     2
2023   7 15 35     2
2023   7 15 40     2
2023   7 15 45     1
2023   7 15 50     1
2023   7 15 55     2
2023   7 16  0     1
2023   7 16  5     0
2023   7 16 10    -1
2023   7 16 15    -1
2023   7 16 20     0
2023   7 16 25     0
2023   7 16 30    -1
2023   7 16 35    -2
2023   7 16 40    -3
2023   7 16 45    -4
2023   7 16 50    -4
2023   7 16 55    -6
2023   7 17  0    -6
2023   7 17  5    -7
2023   7 17 10    -8
2023   7 17 15    -9
2023   7 17 20    -9
2023   7 17 25    -9
2023   7 17 30    -9
2023   7 17 35    -8
2023   7 17 40    -6
2023   7 17 45    -4
2023   7 17 50    -5
2023   7 17 55    -5
2023   7 18  0    -4
2023   7 18  5    -4
2023   7 18 10    -5
2023   7 18 15    -5
2023   7 18 20    -5
2023   7 18 25    -5
2023   7 18 30    -4
2023   7 18 35    -5
2023   7 18 40    -4
2023   7 18 45    -4
2023   7 18 50    -5
2023   7 18 55    -5
2023   7 19  0    -5
2023   7 19  5    -5
2023   7 19 10    -5
2023   7 19 15    -6
2023   7 19 20    -7
2023   7 19 25    -7
2023   7 19 30    -7
2023   7 19 35    -5
2023   7 19 40    -4
2023   7 19 45    -3
2023   7 19 50    -4
2023   7 19 55    -5
2023   7 20  0    -3
2023   7 20  5    -4
2023   7 20 10    -5
2023   7 20 15    -6
2023   7 20 20    -7
2023   7 20 25    -7
2023   7 20 30    -6
2023   7 20 35    -6
2023   7 20 40    -7
2023   7 20 45    -7
2023   7 20 50    -8
2023   7 20 55    -7
2023   7 21  0    -6
2023   7 21  5    -7
2023   7 21 10    -7
2023   7 21 15    -7
2023   7 21 20    -6
2023   7 21 25    -6
2023   7 21 30    -4
2023   7 21 35    -5
2023   7 21 40    -5
2023   7 21 45    -4
2023   7 21 50    -3
2023   7 21 55    -3
2023   7 22  0    -2
2023   7 22  5    -1
2023   7 22 10    -2
2023   7 22 15    -3
2023   7 22 20    -2
2023   7 22 25    -1
2023   7 22 30     0
2023   7 22 35    -1
2023   7 22 40    -1
2023   7 22 45     0
2023   7 22 50     0
2023   7 22 55     0
2023   7 23  0     1
2023   7 23  5     1
2023   7 23 10     1
2023   7 23 15     1
2023   7 23 20     1
2023   7 23 25     2
2023   7 23 30     2
2023   7 23 35     2
2023   7 23 40     2
2023   7 23 45     4
2023   7 23 50     5
2023   7 23 55     6
2023   8  0  0     7
2023   8  0  5     7
2023   8  0 10     6
2023   8  0 15     6
2023   8  0 20     6
2023   8  0 25     6
2023   8  0 30     5
2023   8  0 35     4
2023   8  0 40     4
2023   8  0 45     3
2023   8  0 50     3
2023   8  0 55     3
2023   8  1  0     2
2023   8  1  5     2
2023   8  1 10     1
2023   8  1 15     0
2023   8  1 20    -1
2023   8  1 25    -1
2023   8  1 30    -2
2023   8  1 35    -3
2023   8  1 40    -3
2023   8  1 45    -4
2023   8  1 50    -5
2023   8  1 55    -6
2023   8  2  0    -6
2023   8  2  5    -6
2023   8  2 10    -7
2023   8  2 15    -9
2023   8  2 20   -10
2023   8  2 25   -10
2023   8  2 30   -10
2023   8  2 35   -10
2023   8  2 40   -11
2023   8  2 45   -11
2023   8  2 50   -10
2023   8  2 55   -10
2023   8  3  0   -10
2023   8  3  5    -9
2023   8  3 10    -8
2023   8  3 15    -9
2023   8  3 20   -10
2023   8  3 25   -11
2023   8  3 30   -10
2023   8  3 35    -9
2023   8  3 40   -10
2023   8  3 45   -10
2023   8  3 50   -11
2023   8  3 55   -12
2023   8  4  0   -13
2023   8  4  5   -14
2023   8  4 10   -15
2023   8  4 15   -15
2023   8  4 20   -16
2023   8  4 25   -17
2023   8  4 30   -18
2023   8  4 35   -18
2023   8  4 40   -18
2023   8  4 45   -18
2023   8  4 50   -19
2023   8  4 55   -20
2023   8  5  0   -20
2023   8  5  5   -20
2023   8  5 10   -21
2023   8  5 15   -22
2023   8  5 20   -22
2023   8  5 25   -22
2023   8  5 30   -22
2023   8  5 35   -21
2023   8  5 40   -18
2023   8  5 45   -17
2023   8  5 50   -17
2023   8  5 55   -17
2023   8  6  0   -17
2023   8  6  5   -17
2023   8  6 10   -17
2023   8  6 15   -17
2023   8  6 20   -17
2023   8  6 25   -17
2023   8  6 30   -15
2023   8  6 35   -14
2023   8  6 40   -13
2023   8  6 45   -13
2023   8  6 50   -12
2023   8  6 55   -11
2023   8  7  0   -10
2023   8  7  5    -9
2023   8  7 10    -9
2023   8  7 15    -8
2023   8  7 20    -7
2023   8  7 25    -7
2023   8  7 30    -6
2023   8  7 35    -5
2023   8  7 40    -3
2023   8  7 45    -1
2023   8  7 50     0
2023   8  7 55     0
2023   8  8  0     1
2023   8  8  5     2
2023   8  8 10     2
2023   8  8 15     3
2023   8  8 20     3
2023   8  8 25     3
2023   8  8 30     2
2023   8  8 35     2
2023   8  8 40     2
2023   8  8 45     2
2023   8  8 50     3
2023   8  8 55     4
2023   8  9  0     4
2023   8  9  5     3
2023   8  9 10     3
2023   8  9 15     3
2023   8  9 20     3
2023   8  9 25     3
2023   8  9 30     3
2023   8  9 35     4
2023   8  9 40     5
2023   8  9 45     5
2023   8  9 50     5
2023   8  9 55     5
2023   8 10  0     5
2023   8 10  5     5
2023   8 10 10     5
2023   8 10 15     5
2023   8 10 20     5
2023   8 10 25     4
2023   8 10 30     3
2023   8 10 35     2
2023   8 10 40     1
2023   8 10 45     1
2023   8 10 50     2
2023   8 10 55     1
2023   8 11  0     0
2023   8 11  5    -1
2023   8 11 10    -2
2023   8 11 15    -3
2023   8 11 20    -3
2023   8 11 25    -4
2023   8 11 30    -5
2023   8 11 35    -6
2023   8 11 40    -8
2023   8 11 45    -9
2023   8 11 50   -10
2023   8 11 55   -10
2023   8 12  0   -10
2023   8 12  5   -10
2023   8 12 10    -9
2023   8 12 15    -7
2023   8 12 20    -6
2023   8 12 25    -6
2023   8 12 30    -6
2023   8 12 35    -6
2023   8 12 40    -7
2023   8 12 45    -7
2023   8 12 50    -8
2023   8 12 55    -9
2023   8 13  0    -9
2023   8 13  5    -9
2023   8 13 10    -9
2023   8 13 15    -9
2023   8 13 20    -9
2023   8 13 25    -9
2023   8 13 30   -10
2023   8 13 35   -10
2023   8 13 40    -9
2023   8 13 45    -9
2023   8 13 50    -9
2023   8 13 55    -9
2023   8 14  0    -8
2023   8 14  5    -9
2023   8 14 10   -10
2023   8 14 15    -9
2023   8 14 20   -10
2023   8 14 25   -10
2023   8 14 30   -10
2023   8 14 35   -11
2023   8 14 40   -12
2023   8 14 45   -12
2023   8 14 50   -11
2023   8 14 55   -11
2023   8 15  0   -11
2023   8 15  5   -11
2023   8 15 10   -11
2023   8 15 15   -11
2023   8 15 20   -11
2023   8 15 25   -11
2023   8 15 30   -11
2023   8 15 35   -11
2023   8 15 40   -11
2023   8 15 45   -11
2023   8 15 50   -11
2023   8 15 55   -11
2023   8 16  0   -12
2023   8 16  5   -12
2023   8 16 10   -12
2023   8 16 15   -12
2023   8 16 20   -13
2023   8 16 25   -13
2023   8 16 30   -12
2023   8 16 35   -12
2023   8 16 40   -12
2023   8 16 45   -13
2023   8 16 50   -13
2023   8 16 55   -13
2023   8 17  0   -12
2023   8 17  5   -12
2023   8 17 10   -11
2023   8 17 15   -10
2023   8 17 20    -9
2023   8 17 25    -9
2023   8 17 30   -10
2023   8 17 35   -10
2023   8 17 40   -10
2023   8 17 45   -10
2023   8 17 50    -9
2023   8 17 55    -9
2023   8 18  0    -9
2023   8 18  5    -9
2023   8 18 10    -9
2023   8 18 15    -9
2023   8 18 20    -9
2023   8 18 25    -8
2023   8 18 30    -8
2023   8 18 35    -7
2023   8 18 40    -7
2023   8 18 45    -7
2023   8 18 50    -6
2023   8 18 55    -7
2023   8 19  0    -6
2023   8 19  5    -6
2023   8 19 10    -7
2023   8 19 15    -6
2023   8 19 20    -5
2023   8 19 25    -5
2023   8 19 30    -5
2023   8 19 35    -5
2023   8 19 40    -4
2023   8 19 45    -4
2023   8 19 50    -5
2023   8 19 55    -5
2023   8 20  0    -4
2023   8 20  5    -5
2023   8 20 10    -4
2023   8 20 15    -4
2023   8 20 20    -4
2023   8 20 25    -4
2023   8 20 30    -4
2023   8 20 35    -4
2023   8 20 40    -3
2023   8 20 45    -3
2023   8 20 50    -4
2023   8 20 55    -4
2023   8 21  0    -4
2023   8 21  5    -4
2023   8 21 10    -4
2023   8 21 15    -3
2023   8 21 20    -3
2023   8 21 25    -2
2023   8 21 30    -2
2023   8 21 35    -2
2023   8 21 40    -2
2023   8 21 45    -1
2023   8 21 50    -1
2023   8 21 55    -1
2023   8 22  0    -1
2023   8 22  5     0
2023   8 22 10    -1
2023   8 22 15    -1
2023   8 22 20    -1
2023   8 22 25    -1
2023   8 22 30    -1
2023   8 22 35    -2
2023   8 22 40    -2
2023   8 22 45    -2
2023   8 22 50    -3
2023   8 22 55    -3
2023   8 23  0    -3
2023   8 23  5    -2
2023   8 23 10    -2
2023   8 23 15    -2
2023   8 23 20    -2
2023   8 23 25    -2
2023   8 23 30    -2
2023   8 23 35    -3
2023   8 23 40    -2
2023   8 23 45    -1
2023   8 23 50    -1
2023   8 23 55     0
2023   9  0  0     0
2023   9  0  5     0
2023   9  0 10     0
2023   9  0 15     0
2023   9  0 20     0
2023   9  0 25     0
2023   9  0 30    -1
2023   9  0 35     0
2023   9  0 40    -1
2023   9  0 45    -1
2023   9  0 50    -1
2023   9  0 55    -2
2023   9  1  0    -2
2023   9  1  5    -2
2023   9  1 10    -2
2023   9  1 15    -1
2023   9  1 20    -2
2023   9  1 25    -3
2023   9  1 30    -4
2023   9  1 35    -4
2023   9  1 40    -3
2023   9  1 45    -3
2023   9  1 50    -3
2023   9  1 55    -3
2023   9  2  0    -3
2023   9  2  5    -3
2023   9  2 10    -4
2023   9  2 15    -5
2023   9  2 20    -5
2023   9  2 25    -5
2023   9  2 30    -5
2023   9  2 35    -4
2023   9  2 40    -4
2023   9  2 45    -4
2023   9  2 50    -3
2023   9  2 55    -2
2023   9  3  0    -3
2023   9  3  5    -2
2023   9  3 10    -1
2023   9  3 15    -1
2023   9  3 20    -1
2023   9  3 25     0
2023   9  3 30     0
2023   9  3 35     0
2023   9  3 40     0
2023   9  3 45     1
2023   9  3 50     1
2023   9  3 55     2
2023   9  4  0     2
2023   9  4  5     3
2023   9  4 10     2
2023   9  4 15     2
2023   9  4 20     2
2023   9  4 25     2
2023   9  4 30     3
2023   9  4 35     3
2023   9  4 40     3
2023   9  4 45     3
2023   9  4 50     3
2023   9  4 55     3
2023   9  5  0     2
2023   9  5  5     2
2023   9  5 10     1
2023   9  5 15     2
2023   9  5 20     2
2023   9  5 25     2
2023   9  5 30     2
2023   9  5 35     1
2023   9  5 40     1
2023   9  5 45     1
2023   9  5 50     1
2023   9  5 55     0
2023   9  6  0     0
2023   9  6  5     0
2023   9  6 10     0
2023   9  6 15     0
2023   9  6 20    -1
2023   9  6 25     0
2023   9  6 30     0
2023   9  6 35     0
2023   9  6 40     0
2023   9  6 45     1
2023   9  6 50     0
2023   9  6 55     0
2023   9  7  0     0
2023   9  7  5     1
2023   9  7 10     1
2023   9  7 15     0
2023   9  7 20     1
2023   9  7 25     1
2023   9  7 30     1
2023   9  7 35    -1
2023   9  7 40    -1
2023   9  7 45    -1
2023   9  7 50    -1
2023   9  7 55    -1
2023   9  8  0    -1
2023   9  8  5    -1
2023   9  8 10    -1
2023   9  8 15    -1
2023   9  8 20    -1
2023   9  8 25     0
2023   9  8 30     0
2023   9  8 35     0
2023   9  8 40     0
2023   9  8 45     0
2023   9  8 50     0
2023   9  8 55     0
2023   9  9  0     1
2023   9  9  5     1
2023   9  9 10     1
2023   9  9 15     1
2023   9  9 20     1
2023   9  9 25     1
2023   9  9 30     2
2023   9  9 35     3
2023   9  9 40     3
2023   9  9 45     3
2023   9  9 50     3
2023   9  9 55     3
2023   9 10  0     3
2023   9 10  5     2
2023   9 10 10     2
2023   9 10 15     3
2023   9 10 20     3
2023   9 10 25     3
2023   9 10 30     2
2023   9 10 35     3
2023   9 10 40     2
2023   9 10 45     3
2023   9 10 50     3
2023   9 10 55     3
2023   9 11  0     3
2023   9 11  5     4
2023   9 11 10     6
2023   9 11 15     6
2023   9 11 20     6
2023   9 11 25     7
2023   9 11 30     7
2023   9 11 35     8
2023   9 11 40     7
2023   9 11 45     7
2023   9 11 50     7
2023   9 11 55     6
2023   9 12  0     7
2023   9 12  5     7
2023   9 12 10     7
2023   9 12 15     7
2023   9 12 20     6
2023   9 12 25     6
2023   9 12 30     6
2023   9 12 35     6
2023   9 12 40     6
2023   9 12 45     6
2023   9 12 50     6
2023   9 12 55     6
2023   9 13  0     5
2023   9 13  5     5
2023   9 13 10     4
2023   9 13 15     4
2023   9 13 20     4
2023   9 13 25     4
2023   9 13 30     4
2023   9 13 35     4
2023   9 13 40     4
2023   9 13 45     4
2023   9 13 50     3
2023   9 13 55     2
2023   9 14  0     2
2023   9 14  5     1
2023   9 14 10     2
2023   9 14 15     2
2023   9 14 20     2
2023   9 14 25     1
2023   9 14 30     1
2023   9 14 35     1
2023   9 14 40     0
2023   9 14 45     1
2023   9 14 50     1
2023   9 14 55     1
2023   9 15  0     0
2023   9 15  5     0
2023   9 15 10     0
2023   9 15 15     0
2023   9 15 20     0
2023   9 15 25    -1
2023   9 15 30    -1
2023   9 15 35    -1
2023   9 15 40    -1
2023   9 15 45    -2
2023   9 15 50    -2
2023   9 15 55    -3
2023   9 16  0    -3
2023   9 16  5    -4
2023   9 16 10    -4
2023   9 16 15    -4
2023   9 16 20    -4
2023   9 16 25    -5
2023   9 16 30    -5
2023   9 16 35    -5
2023   9 16 40    -5
2023   9 16 45    -5
2023   9 16 50    -6
2023   9 16 55    -5
2023   9 17  0    -5
2023   9 17  5    -5
2023   9 17 10    -4
2023   9 17 15    -4
2023   9 17 20    -4
2023   9 17 25    -3
2023   9 17 30    -4
2023   9 17 35    -4
2023   9 17 40    -4
2023   9 17 45    -4
2023   9 17 50    -5
2023   9 17 55    -5
2023   9 18  0    -6
2023   9 18  5    -6
2023   9 18 10    -6
2023   9 18 15    -6
2023   9 18 20    -7
2023   9 18 25    -7
2023   9 18 30    -7
2023   9 18 35    -7
2023   9 18 40    -7
2023   9 18 45    -9
2023   9 18 50   -12
2023   9 18 55   -11
2023   9 19  0   -10
2023   9 19  5    -9
2023   9 19 10    -9
2023   9 19 15    -8
2023   9 19 20    -8
2023   9 19 25    -9
2023   9 19 30    -9
2023   9 19 35    -9
2023   9 19 40    -8
2023   9 19 45    -8
2023   9 19 50    -8
2023   9 19 55    -7
2023   9 20  0    -6
2023   9 20  5    -6
2023   9 20 10    -6
2023   9 20 15    -5
2023   9 20 20    -5
2023   9 20 25    -5
2023   9 20 30    -4
2023   9 20 35    -4
2023   9 20 40    -3
2023   9 20 45    -3
2023   9 20 50    -2
2023   9 20 55    -2
2023   9 21  0    -2
2023   9 21  5    -2
2023   9 21 10    -3
2023   9 21 15    -4
2023   9 21 20    -4
2023   9 21 25    -4
2023   9 21 30    -5
2023   9 21 35    -5
2023   9 21 40    -4
2023   9 21 45    -4
2023   9 21 50    -4
2023   9 21 55    -3
2023   9 22  0    -3
2023   9 22  5    -5
2023   9 22 10    -5
2023   9 22 15    -6
2023   9 22 20    -6
2023   9 22 25    -6
2023   9 22 30    -6
2023   9 22 35    -6
2023   9 22 40    -6
2023   9 22 45    -6
2023   9 22 50    -7
2023   9 22 55    -7
2023   9 23  0    -7
2023   9 23  5    -6
2023   9 23 10    -6
2023   9 23 15    -6
2023   9 23 20    -5
2023   9 23 25    -2
2023   9 23 30    -1
2023   9 23 35    -1
2023   9 23 40     0
2023   9 23 45     2
2023   9 23 50     3
2023   9 23 55     4
2023  10  0  0     4
2023  10  0  5     3
2023  10  0 10     2
2023  10  0 15     3
2023  10  0 20     2
2023  10  0 25     3
2023  10  0 30     3
2023  10  0 35     3
2023  10  0 40     3
2023  10  0 45     3
2023  10  0 50     2
2023  10  0 55     2
2023  10  1  0     2
2023  10  1  5     2
2023  10  1 10     1
2023  10  1 15     2
2023  10  1 20     2
2023  10  1 25     3
2023  10  1 30     3
2023  10  1 35     3
2023  10  1 40     2
2023  10  1 45     2
2023  10  1 50     2
2023  10  1 55     2
2023  10  2  0     2
2023  10  2  5     3
2023  10  2 10     2
2023  10  2 15     2
2023  10  2 20     2
2023  10  2 25     3
2023  10  2 30     3
2023  10  2 35     2
2023  10  2 40     2
2023  10  2 45     1
2023  10  2 50     1
2023  10  2 55     2
2023  10  3  0     2
2023  10  3  5     4
2023  10  3 10     4
2023  10  3 15     5
2023  10  3 20     6
2023  10  3 25     7
2023  10  3 30     7
2023  10  3 35     7
2023  10  3 40     8
2023  10  3 45     8
2023  10  3 50     8
2023  10  3 55     9
2023  10  4  0     8
2023  10  4  5     7
2023  10  4 10     7
2023  10  4 15     8
2023  10  4 20     8
2023  10  4 25     9
2023  10  4 30     9
2023  10  4 35     8
2023  10  4 40     8
2023  10  4 45     8
2023  10  4 50     8
2023  10  4 55     9
2023  10  5  0     9
2023  10  5  5    10
2023  10  5 10    10
2023  10  5 15    10
2023  10  5 20    11
2023  10  5 25    11
2023  10  5 30    12
2023  10  5 35    12
2023  10  5 40    11
2023  10  5 45    12
2023  10  5 50    12
2023  10  5 55    12
2023  10  6  0    13
2023  10  6  5    13
2023  10  6 10    11
2023  10  6 15    10
2023  10  6 20    10
2023  10  6 25     9
2023  10  6 30     9
2023  10  6 35     9
2023  10  6 40     9
2023  10  6 45     9
2023  10  6 50     9
2023  10  6 55     9
2023  10  7  0     9
2023  10  7  5     9
2023  10  7 10     9
2023  10  7 15     9
2023  10  7 20     9
2023  10  7 25     9
2023  10  7 30     9
2023  10  7 35     9
2023  10  7 40    10
2023  10  7 45    10
2023  10  7 50    11
2023  10  7 55    12
2023  10  8  0    11
2023  10  8  5    11
2023  10  8 10    10
2023  10  8 15    10
2023  10  8 20    10
2023  10  8 25     9
2023  10  8 30     9
2023  10  8 35    10
2023  10  8 40    12
2023  10  8 45    12
2023  10  8 50    10
2023  10  8 55     8
2023  10  9  0     8
2023  10  9  5     8
2023  10  9 10     8
2023  10  9 15     9
2023  10  9 20     8
2023  10  9 25     8
2023  10  9 30     8
2023  10  9 35     9
2023  10  9 40     9
2023  10  9 45    11
2023  10  9 50    11
2023  10  9 55    10
2023  10 10  0    10
2023  10 10  5    11
2023  10 10 10    10
2023  10 10 15    10
2023  10 10 20    10
2023  10 10 25    10
2023  10 10 30    10
2023  10 10 35    10
2023  10 10 40     9
2023  10 10 45     9
2023  10 10 50     9
2023  10 10 55     8
2023  10 11  0     8
2023  10 11  5     8
2023  10 11 10     7
2023  10 11 15     7
2023  10 11 20     7
2023  10 11 25     8
2023  10 11 30     8
2023  10 11 35     8
2023  10 11 40     9
2023  10 11 45     9
2023  10 11 50     8
2023  10 11 55     8
2023  10 12  0     8
2023  10 12  5     7
2023  10 12 10     7
2023  10 12 15     7
2023  10 12 20     7
2023  10 12 25     7
2023  10 12 30     7
2023  10 12 35     8
2023  10 12 40     8
2023  10 12 45     8
2023  10 12 50     8
2023  10 12 55     9
2023  10 13  0     8
2023  10 13  5     9
2023  10 13 10     9
2023  10 13 15     9
2023  10 13 20    10
2023  10 13 25    10
2023  10 13 30     9
2023  10 13 35     7
2023  10 13 40     7
2023  10 13 45     8
2023  10 13 50     9
2023  10 13 55     9
2023  10 14  0     9
2023  10 14  5     9
2023  10 14 10     8
2023  10 14 15     8
2023  10 14 20     7
2023  10 14 25     6
2023  10 14 30     5
2023  10 14 35     3
2023  10 14 40     2
2023  10 14 45     1
2023  10 14 50    -1
2023  10 14 55    -2
2023  10 15  0    -4
2023  10 15  5    -5
2023  10 15 10    -7
2023  10 15 15    -8
2023  10 15 20    -9
2023  10 15 25    -9
2023  10 15 30    -8
2023  10 15 35    -9
2023  10 15 40   -10
2023  10 15 45   -10
2023  10 15 50   -10
2023  10 15 55   -10
2023  10 16  0   -10
2023  10 16  5   -10
2023  10 16 10   -10
2023  10 16 15    -9
2023  10 16 20   -10
2023  10 16 25   -10
2023  10 16 30   -10
2023  10 16 35   -10
2023  10 16 40   -10
2023  10 16 45   -10
2023  10 16 50    -8
2023  10 16 55    -8
2023  10 17  0    -8
2023  10 17  5    -8
2023  10 17 10    -8
2023  10 17 15    -8
2023  10 17 20    -8
2023  10 17 25    -9
2023  10 17 30    -9
2023  10 17 35    -9
2023  10 17 40    -9
2023  10 17 45    -9
2023  10 17 50    -9
2023  10 17 55    -9
2023  10 18  0    -9
2023  10 18  5    -8
2023  10 18 10    -8
2023  10 18 15    -9
2023  10 18 20    -9
2023  10 18 25    -8
2023  10 18 30    -9
2023  10 18 35   -11
2023  10 18 40   -10
2023  10 18 45    -9
2023  10 18 50    -9
2023  10 18 55    -9
2023  10 19  0    -9
2023  10 19  5   -10
2023  10 19 10   -11
2023  10 19 15   -11
2023  10 19 20   -11
2023  10 19 25   -11
2023  10 19 30   -12
2023  10 19 35   -14
2023  10 19 40   -12
2023  10 19 45   -12
2023  10 19 50   -11
2023  10 19 55   -11
2023  10 20  0   -11
2023  10 20  5   -11
2023  10 20 10   -10
2023  10 20 15   -10
2023  10 20 20   -10
2023  10 20 25    -9
2023  10 20 30    -9
2023  10 20 35    -9
2023  10 20 40    -9
2023  10 20 45    -8
2023  10 20 50    -8
2023  10 20 55    -6
2023  10 21  0    -7
2023  10 21  5    -7
2023  10 21 10    -7
2023  10 21 15    -8
2023  10 21 20    -8
2023  10 21 25    -8
2023  10 21 30    -8
2023  10 21 35    -8
2023  10 21 40    -8
2023  10 21 45    -8
2023  10 21 50    -7
2023  10 21 55    -7
2023  10 22  0    -8
2023  10 22  5    -7
2023  10 22 10    -8
2023  10 22 15    -7
2023  10 22 20    -6
2023  10 22 25    -7
2023  10 22 30    -9
2023  10 22 35   -10
2023  10 22 40   -11
2023  10 22 45   -12
2023  10 22 50   -13
2023  10 22 55   -12
2023  10 23  0   -10
2023  10 23  5    -9
2023  10 23 10   -10
2023  10 23 15    -9
2023  10 23 20    -8
2023  10 23 25    -8
2023  10 23 30    -8
2023  10 23 35    -8
2023  10 23 40    -7
2023  10 23 45    -6
2023  10 23 50    -5
2023  10 23 55    -4
